Mono path[0] = 'C:/Program Files (x86)/Steam/steamapps/common/Metel - Horror Escape/Metel_Data/Managed'
Mono config path = 'C:/Program Files (x86)/Steam/steamapps/common/Metel - Horror Escape/MonoBleedingEdge/etc'
Initialize engine version: 2021.3.13f1 (9e7d58001ecf)
[Subsystems] Discovering subsystems at path C:/Program Files (x86)/Steam/steamapps/common/Metel - Horror Escape/Metel_Data/UnitySubsystems
GfxDevice: creating device client; threaded=1; jobified=0
Direct3D:
    Version:  Direct3D 11.0 [level 11.1]
    Renderer: Intel(R) UHD Graphics (ID=0x4628)
    Vendor:   Intel
    VRAM:     3968 MB
    Driver:   31.0.101.4575
Begin MonoManager ReloadAssembly
- Completed reload, in  3.328 seconds
<RI> Initializing input.
<RI> Input initialized.
<RI> Initialized touch support.
UnloadTime: 13.677800 ms
NullReferenceException: Object reference not set to an instance of an object
  at MaxSdkUnityEditor.ExecuteWithDelay (System.Single seconds, System.Action action) [0x0000c] in <83c1954a9a6e46aabd1805a047d14a8c>:0 
  at MaxSdkUnityEditor.InitializeSdk (System.String[] adUnitIds) [0x00011] in <83c1954a9a6e46aabd1805a047d14a8c>:0 
  at Ads.InitApplovin () [0x0000b] in <1a8ca24911234dc9b3a5ea0ecec878b0>:0 
  at Ads.Start () [0x00000] in <1a8ca24911234dc9b3a5ea0ecec878b0>:0 

This system is in Load. 
NullReferenceException: Object reference not set to an instance of an object
  at Settings.SetSubtitles (System.Boolean Flag) [0x00011] in <1a8ca24911234dc9b3a5ea0ecec878b0>:0 
  at UnityEngine.Events.InvokableCall`1[T1].Invoke (T1 args0) [0x00010] in <561971c91c08471b9e995b582c6b3074>:0 
  at UnityEngine.Events.UnityEvent`1[T0].Invoke (T0 arg0) [0x00025] in <561971c91c08471b9e995b582c6b3074>:0 
  at UnityEngine.UI.Toggle.Set (System.Boolean value, System.Boolean sendCallback) [0x00087] in <6bbb174e99394e20ae61d4d67f4d7310>:0 
  at UnityEngine.UI.Toggle.set_isOn (System.Boolean value) [0x00000] in <6bbb174e99394e20ae61d4d67f4d7310>:0 
  at Settings.Start () [0x00095] in <1a8ca24911234dc9b3a5ea0ecec878b0>:0 

Unloading 9 Unused Serialized files (Serialized files now loaded: 0)
Warning [AppLovin MAX] Interstitial '019e98d7f105b5d0' was not requested, can not check if it is loaded
Interstitial ad not ready at the moment! Please try again later!
UnloadTime: 10.079700 ms
This system is in Load. 
Unloading 883 unused Assets to reduce memory usage. Loaded Objects now: 9551.
Total: 5.759100 ms (FindLiveObjects: 0.578200 ms CreateObjectMapping: 0.179900 ms MarkObjects: 4.318300 ms  DeleteObjects: 0.682000 ms)

Не найдено улик
The referenced script on this Behaviour (Game Object 'TextPro') is missing!
The referenced script on this Behaviour (Game Object 'TextPro') is missing!
Unloading 5 Unused Serialized files (Serialized files now loaded: 0)
UnloadTime: 6.789500 ms
Unloading 709 unused Assets to reduce memory usage. Loaded Objects now: 1967.
Total: 9.029500 ms (FindLiveObjects: 0.166000 ms CreateObjectMapping: 0.076000 ms MarkObjects: 2.582600 ms  DeleteObjects: 6.204600 ms)

NullReferenceException: Object reference not set to an instance of an object
  at Settings.Start () [0x000af] in <1a8ca24911234dc9b3a5ea0ecec878b0>:0 

Unloading 8 Unused Serialized files (Serialized files now loaded: 0)
Warning [AppLovin MAX] Interstitial '019e98d7f105b5d0' was not requested, can not check if it is loaded
Interstitial ad not ready at the moment! Please try again later!
UnloadTime: 1.058400 ms
This system is in Load. 
Unloading 10 unused Assets to reduce memory usage. Loaded Objects now: 9547.
Total: 3.442600 ms (FindLiveObjects: 0.460700 ms CreateObjectMapping: 0.166400 ms MarkObjects: 2.732400 ms  DeleteObjects: 0.082900 ms)

Не найдено улик
В 4 комнате найдена улика
В 4 комнате найдена улика
В 4 комнате найдена улика
В 4 комнате найдена улика
Warning [AppLovin MAX] Interstitial '019e98d7f105b5d0' was not requested, can not check if it is loaded
Interstitial ad not ready at the moment! Please try again later!
Не найдено улик
"Stop" can only be called on an active agent that has been placed on a NavMesh.
Unloading 3 Unused Serialized files (Serialized files now loaded: 0)
UnloadTime: 4.880900 ms
Unloading 688 unused Assets to reduce memory usage. Loaded Objects now: 4024.
Total: 8.789100 ms (FindLiveObjects: 0.209200 ms CreateObjectMapping: 0.081500 ms MarkObjects: 3.767800 ms  DeleteObjects: 4.730200 ms)

This system is in Load. 
NullReferenceException: Object reference not set to an instance of an object
  at Settings.SetSubtitles (System.Boolean Flag) [0x00011] in <1a8ca24911234dc9b3a5ea0ecec878b0>:0 
  at UnityEngine.Events.InvokableCall`1[T1].Invoke (T1 args0) [0x00010] in <561971c91c08471b9e995b582c6b3074>:0 
  at UnityEngine.Events.UnityEvent`1[T0].Invoke (T0 arg0) [0x00025] in <561971c91c08471b9e995b582c6b3074>:0 
  at UnityEngine.UI.Toggle.Set (System.Boolean value, System.Boolean sendCallback) [0x00087] in <6bbb174e99394e20ae61d4d67f4d7310>:0 
  at UnityEngine.UI.Toggle.set_isOn (System.Boolean value) [0x00000] in <6bbb174e99394e20ae61d4d67f4d7310>:0 
  at Settings.Start () [0x00095] in <1a8ca24911234dc9b3a5ea0ecec878b0>:0 

Setting up 6 worker threads for Enlighten.
Memory Statistics:
[ALLOC_TEMP_TLS] TLS Allocator
  StackAllocators : 
    [ALLOC_TEMP_MAIN]
      Peak usage frame count: [0-1.0 KB]: 1396 frames, [2.0 KB-4.0 KB]: 38214 frames, [4.0 KB-8.0 KB]: 46313 frames, [8.0 KB-16.0 KB]: 124 frames, [16.0 KB-32.0 KB]: 38 frames, [32.0 KB-64.0 KB]: 1 frames, [128.0 KB-256.0 KB]: 1 frames, [256.0 KB-0.5 MB]: 2 frames, [0.5 MB-1.0 MB]: 2 frames, [1.0 MB-2.0 MB]: 1 frames, [2.0 MB-4.0 MB]: 1 frames
      Initial Block Size 4.0 MB
      Current Block Size 4.0 MB
      Peak Allocated Bytes 2.1 MB
      Overflow Count 0
    [ALLOC_TEMP_Loading.AsyncRead]
      Initial Block Size 64.0 KB
      Current Block Size 64.0 KB
      Peak Allocated Bytes 330 B
      Overflow Count 0
    [ALLOC_TEMP_Loading.PreloadManager]
      Initial Block Size 256.0 KB
      Current Block Size 504.0 KB
      Peak Allocated Bytes 340.7 KB
      Overflow Count 52
    [ALLOC_TEMP_Background Job.Worker 8]
      Initial Block Size 32.0 KB
      Current Block Size 32.0 KB
      Peak Allocated Bytes 54 B
      Overflow Count 0
    [ALLOC_TEMP_Job.Worker 6]
      Initial Block Size 256.0 KB
      Current Block Size 256.0 KB
      Peak Allocated Bytes 40.8 KB
      Overflow Count 0
    [ALLOC_TEMP_Job.Worker 0]
      Initial Block Size 256.0 KB
      Current Block Size 256.0 KB
      Peak Allocated Bytes 40.8 KB
      Overflow Count 0
    [ALLOC_TEMP_Background Job.Worker 10]
      Initial Block Size 32.0 KB
      Current Block Size 32.0 KB
      Peak Allocated Bytes 54 B
      Overflow Count 0
    [ALLOC_TEMP_Background Job.Worker 9]
      Initial Block Size 32.0 KB
      Current Block Size 32.0 KB
      Peak Allocated Bytes 54 B
      Overflow Count 0
    [ALLOC_TEMP_Job.Worker 5]
      Initial Block Size 256.0 KB
      Current Block Size 256.0 KB
      Peak Allocated Bytes 40.8 KB
      Overflow Count 0
    [ALLOC_TEMP_Background Job.Worker 14]
      Initial Block Size 32.0 KB
      Current Block Size 32.0 KB
      Peak Allocated Bytes 54 B
      Overflow Count 0
    [ALLOC_TEMP_Background Job.Worker 6]
      Initial Block Size 32.0 KB
      Current Block Size 32.0 KB
      Peak Allocated Bytes 54 B
      Overflow Count 0
    [ALLOC_TEMP_Job.Worker 4]
      Initial Block Size 256.0 KB
      Current Block Size 256.0 KB
      Peak Allocated Bytes 40.8 KB
      Overflow Count 0
    [ALLOC_TEMP_Job.Worker 3]
      Initial Block Size 256.0 KB
      Current Block Size 256.0 KB
      Peak Allocated Bytes 40.8 KB
      Overflow Count 0
    [ALLOC_TEMP_Background Job.Worker 12]
      Initial Block Size 32.0 KB
      Current Block Size 32.0 KB
      Peak Allocated Bytes 54 B
      Overflow Count 0
    [ALLOC_TEMP_EnlightenWorker] x 6
      Initial Block Size 64.0 KB
      Current Block Size 64.0 KB
      Peak Allocated Bytes 54 B
      Overflow Count 0
    [ALLOC_TEMP_Background Job.Worker 15]
      Initial Block Size 32.0 KB
      Current Block Size 32.0 KB
      Peak Allocated Bytes 54 B
      Overflow Count 0
    [ALLOC_TEMP_Background Job.Worker 1]
      Initial Block Size 32.0 KB
      Current Block Size 32.0 KB
      Peak Allocated Bytes 54 B
      Overflow Count 0
    [ALLOC_TEMP_Background Job.Worker 2]
      Initial Block Size 32.0 KB
      Current Block Size 32.0 KB
      Peak Allocated Bytes 54 B
      Overflow Count 0
    [ALLOC_TEMP_Background Job.Worker 7]
      Initial Block Size 32.0 KB
      Current Block Size 32.0 KB
      Peak Allocated Bytes 54 B
      Overflow Count 0
    [ALLOC_TEMP_UnityGfxDeviceWorker]
      Initial Block Size 256.0 KB
      Current Block Size 256.0 KB
      Peak Allocated Bytes 14.0 KB
      Overflow Count 0
    [ALLOC_TEMP_AssetGarbageCollectorHelper] x 11
      Initial Block Size 64.0 KB
      Current Block Size 64.0 KB
      Peak Allocated Bytes 0 B
      Overflow Count 0
    [ALLOC_TEMP_Background Job.Worker 5]
      Initial Block Size 32.0 KB
      Current Block Size 32.0 KB
      Peak Allocated Bytes 54 B
      Overflow Count 0
    [ALLOC_TEMP_Job.Worker 9]
      Initial Block Size 256.0 KB
      Current Block Size 256.0 KB
      Peak Allocated Bytes 40.8 KB
      Overflow Count 0
    [ALLOC_TEMP_Background Job.Worker 13]
      Initial Block Size 32.0 KB
      Current Block Size 32.0 KB
      Peak Allocated Bytes 54 B
      Overflow Count 0
    [ALLOC_TEMP_Job.Worker 8]
      Initial Block Size 256.0 KB
      Current Block Size 256.0 KB
      Peak Allocated Bytes 40.8 KB
      Overflow Count 0
    [ALLOC_TEMP_Job.Worker 7]
      Initial Block Size 256.0 KB
      Current Block Size 256.0 KB
      Peak Allocated Bytes 37.4 KB
      Overflow Count 0
    [ALLOC_TEMP_Job.Worker 1]
      Initial Block Size 256.0 KB
      Current Block Size 256.0 KB
      Peak Allocated Bytes 40.8 KB
      Overflow Count 0
    [ALLOC_TEMP_Job.Worker 2]
      Initial Block Size 256.0 KB
      Current Block Size 256.0 KB
      Peak Allocated Bytes 40.8 KB
      Overflow Count 0
    [ALLOC_TEMP_Background Job.Worker 3]
      Initial Block Size 32.0 KB
      Current Block Size 32.0 KB
      Peak Allocated Bytes 54 B
      Overflow Count 0
    [ALLOC_TEMP_Background Job.Worker 11]
      Initial Block Size 32.0 KB
      Current Block Size 32.0 KB
      Peak Allocated Bytes 54 B
      Overflow Count 0
    [ALLOC_TEMP_Job.Worker 10]
      Initial Block Size 256.0 KB
      Current Block Size 256.0 KB
      Peak Allocated Bytes 40.8 KB
      Overflow Count 0
    [ALLOC_TEMP_Background Job.Worker 0]
      Initial Block Size 32.0 KB
      Current Block Size 32.0 KB
      Peak Allocated Bytes 1.5 KB
      Overflow Count 0
    [ALLOC_TEMP_CloudJob.Worker 0]
      Initial Block Size 32.0 KB
      Current Block Size 36.0 KB
      Peak Allocated Bytes 16.2 KB
      Overflow Count 0
    [ALLOC_TEMP_Background Job.Worker 4]
      Initial Block Size 32.0 KB
      Current Block Size 32.0 KB
      Peak Allocated Bytes 54 B
      Overflow Count 0
    [ALLOC_TEMP_BatchDeleteObjects]
      Initial Block Size 64.0 KB
      Current Block Size 64.0 KB
      Peak Allocated Bytes 54 B
      Overflow Count 0
[ALLOC_DEFAULT] Dual Thread Allocator
  Peak main deferred allocation count 53
    [ALLOC_BUCKET]
      Large Block size 4.0 MB
      Used Block count 1
      Peak Allocated bytes 2.5 MB
    [ALLOC_DEFAULT_MAIN]
      Peak usage frame count: [8.0 MB-16.0 MB]: 429 frames, [16.0 MB-32.0 MB]: 85664 frames
      Requested Block Size 16.0 MB
      Peak Block count 2
      Peak Allocated memory 27.2 MB
      Peak Large allocation bytes 0 B
    [ALLOC_DEFAULT_THREAD]
      Peak usage frame count: [32.0 MB-64.0 MB]: 436 frames, [64.0 MB-128.0 MB]: 333 frames, [128.0 MB-256.0 MB]: 85324 frames
      Requested Block Size 16.0 MB
      Peak Block count 11
      Peak Allocated memory 228.3 MB
      Peak Large allocation bytes 77.0 MB
[ALLOC_TEMP_JOB_1_FRAME]
  Initial Block Size 2.0 MB
  Used Block Count 1
  Overflow Count (too large) 0
  Overflow Count (full) 0
[ALLOC_TEMP_JOB_2_FRAMES]
  Initial Block Size 2.0 MB
  Used Block Count 1
  Overflow Count (too large) 0
  Overflow Count (full) 0
[ALLOC_TEMP_JOB_4_FRAMES (JobTemp)]
  Initial Block Size 2.0 MB
  Used Block Count 2
  Overflow Count (too large) 0
  Overflow Count (full) 0
[ALLOC_TEMP_JOB_ASYNC (Background)]
  Initial Block Size 1.0 MB
  Used Block Count 3
  Overflow Count (too large) 0
  Overflow Count (full) 0
[ALLOC_GFX] Dual Thread Allocator
  Peak main deferred allocation count 20
    [ALLOC_BUCKET]
      Large Block size 4.0 MB
      Used Block count 1
      Peak Allocated bytes 2.5 MB
    [ALLOC_GFX_MAIN]
      Peak usage frame count: [32.0 KB-64.0 KB]: 64 frames, [64.0 KB-128.0 KB]: 60805 frames, [128.0 KB-256.0 KB]: 24888 frames, [256.0 KB-0.5 MB]: 335 frames, [2.0 MB-4.0 MB]: 1 frames
      Requested Block Size 16.0 MB
      Peak Block count 1
      Peak Allocated memory 2.7 MB
      Peak Large allocation bytes 0 B
    [ALLOC_GFX_THREAD]
      Peak usage frame count: [1.0 MB-2.0 MB]: 706 frames, [4.0 MB-8.0 MB]: 85387 frames
      Requested Block Size 16.0 MB
      Peak Block count 1
      Peak Allocated memory 5.5 MB
      Peak Large allocation bytes 0 B
[ALLOC_CACHEOBJECTS] Dual Thread Allocator
  Peak main deferred allocation count 696
    [ALLOC_BUCKET]
      Large Block size 4.0 MB
      Used Block count 1
      Peak Allocated bytes 2.5 MB
    [ALLOC_CACHEOBJECTS_MAIN]
      Peak usage frame count: [1.0 MB-2.0 MB]: 86093 frames
      Requested Block Size 4.0 MB
      Peak Block count 1
      Peak Allocated memory 1.9 MB
      Peak Large allocation bytes 0 B
    [ALLOC_CACHEOBJECTS_THREAD]
      Peak usage frame count: [1.0 MB-2.0 MB]: 432 frames, [2.0 MB-4.0 MB]: 274 frames, [4.0 MB-8.0 MB]: 86 frames, [8.0 MB-16.0 MB]: 85299 frames, [16.0 MB-32.0 MB]: 2 frames
      Requested Block Size 4.0 MB
      Peak Block count 5
      Peak Allocated memory 17.3 MB
      Peak Large allocation bytes 0 B
[ALLOC_TYPETREE] Dual Thread Allocator
  Peak main deferred allocation count 0
    [ALLOC_BUCKET]
      Large Block size 4.0 MB
      Used Block count 1
      Peak Allocated bytes 2.5 MB
    [ALLOC_TYPETREE_MAIN]
      Peak usage frame count: [8.0 KB-16.0 KB]: 542 frames, [16.0 KB-32.0 KB]: 62 frames, [32.0 KB-64.0 KB]: 85489 frames
      Requested Block Size 2.0 MB
      Peak Block count 1
      Peak Allocated memory 42.8 KB
      Peak Large allocation bytes 0 B
    [ALLOC_TYPETREE_THREAD]
      Peak usage frame count: [4.0 KB-8.0 KB]: 518 frames, [8.0 KB-16.0 KB]: 22 frames, [16.0 KB-32.0 KB]: 2 frames, [32.0 KB-64.0 KB]: 85551 frames
      Requested Block Size 2.0 MB
      Peak Block count 1
      Peak Allocated memory 45.5 KB
      Peak Large allocation bytes 0 B
