 [LOG] Control scheme file not found, but this is okay.
 [LOG] Initialising control scheme menu
 [LOG] {
  "CollisionQuality": "Dynamic",
  "StopAnimationOnDamage": false,
  "DropOnDeath": true,
  "ShakeIntensity": 1.0,
  "ShowOutlines": true,
  "SlowMotionSpeed": 20.0,
  "AmbientTemperatureTransfer": false,
  "PhysicsIterations": 32,
  "GridSnap": 0.25,
  "AngleSnap": 15,
  "ShowModLoadingFreeze": true,
  "RejectShadyCode": true,
  "MaxModCompilationTime": 30,
  "GorelessMode": false,
  "ProceduralFragments": false,
  "FragilityMultiplier": 1.0,
  "LimbCrushing": true,
  "BrainDamage": true,
  "LimbOverflowExplosion": false,
  "GoreMode": "Default",
  "AutoHealWounds": true,
  "ChunkyShotParticles": true,
  "DismembermentLooseTissue": true,
  "CrushForceMultiplier": 1.0,
  "BloomMode": "Fancy",
  "TracerBullets": true,
  "FancyEffects": true,
  "Decals": true,
  "Lighting": true,
  "MasterVolume": 1.0,
  "SfxVolume": 1.0,
  "UserInterfaceVolume": 1.0,
  "AmbienceVolume": 1.0,
  "AmbienceHighpassCutoff": 90.0,
  "ClampVolume": true,
  "DistantSoundEffects": true,
  "BulletCrackWhiz": true,
  "LogDebugMessages": false,
  "ShowFramerate": false,
  "ZoomSensitivity": 1.0,
  "ThermalVisionUpdateRate": 25,
  "DeleteWireByContextMenu": true,
  "TemperatureUnit": "Celsius",
  "VSync": true,
  "SMAA": false,
  "TonemappingMode": "Modern",
  "Brightness": 100.0,
  "RenderScale": 1.0,
  "FramerateLimit": 144,
  "SimplifiedBackground": false,
  "WindowMode": "Borderless",
  "Resolution": null,
  "ShowTutorial": false,
  "ToyboxSizeOffset": 483.6
}
 [EXCEPTION] InvalidOperationException: Not connected to the server.
	WatsonTcp.WatsonTcpClient.Disconnect (System.Boolean sendNotice) (at <d4853fabd5254f399616f7017e8b607e>:0)
ModCompilerSockets.Stop () (at <359e6cb769c0400bb4125e3f58eb739f>:0)
ModCompilerSockets.Dispose () (at <359e6cb769c0400bb4125e3f58eb739f>:0)
CompilerClient.Dispose () (at <359e6cb769c0400bb4125e3f58eb739f>:0)
CompilerServerBehaviour.OnApplicationQuit () (at <359e6cb769c0400bb4125e3f58eb739f>:0)


 [LOG] Trust cache of length 0 written
 [LOG] Unloading mods took 0 ms
 [EXCEPTION] InvalidOperationException: Not connected to the server.
	WatsonTcp.WatsonTcpClient.Disconnect (System.Boolean sendNotice) (at <d4853fabd5254f399616f7017e8b607e>:0)
ModCompilerSockets.Stop () (at <359e6cb769c0400bb4125e3f58eb739f>:0)
ModCompilerSockets.Dispose () (at <359e6cb769c0400bb4125e3f58eb739f>:0)
CompilerClient.Dispose () (at <359e6cb769c0400bb4125e3f58eb739f>:0)
CompilerServerBehaviour.OnApplicationQuit () (at <359e6cb769c0400bb4125e3f58eb739f>:0)


